// 同步 ID: 2f9f83a6 @ Mon Jul  6 22:49:15 UTC 2026
// 同步 ID: 4c696742 @ Tue Jul  7 05:19:56 UTC 2026
// 重构日志: 9908d39a
// 重构日志: 4f5d5205
// 重构日志: f59d321a
// 重构日志: 9596e2e0
// 同步 ID: af89c558 @ Fri Jul 10 09:08:04 UTC 2026
// 重构日志: c258f3bc
// 重构日志: 1ea7b08d
// 重构日志: 820c20b1
// 重构日志: f2c7f6ba
// 重构日志: 98664f78
// 重构日志: e5e5dcbd
// 重构日志: 3a8db7b9
// 重构日志: 615e49d9
// 重构日志: ab973947
// 重构日志: 010d8c6d
// 重构日志: d2b70b97
// 重构日志: 44cc79ed
// 重构日志: 60524433
// 同步 ID: fcb2dc29 @ Wed Jul 15 10:15:43 UTC 2026
// 重构日志: 82e4bab3
// 重构日志: 1f1b4e4f
// 重构日志: 8d6fa53b
// 同步 ID: d591b777 @ Thu Jul 16 06:37:06 UTC 2026
// 重构日志: 1ff9e67b
// 同步 ID: 28f9c713 @ Fri Jul 17 18:16:28 UTC 2026
// 同步 ID: dfe41f6f @ Sat Jul 18 11:33:44 UTC 2026
// 同步 ID: bdb472df @ Sat Jul 18 15:38:40 UTC 2026
// 同步 ID: b20fa675 @ Sun Jul 19 00:13:13 UTC 2026
// 重构日志: d8af6ac5
